02/20 13:50:51 Compiling results tables...
02/20 13:50:51   00_setup
02/20 13:50:51   01_reporting_table_ddl
02/20 13:50:51   02_create_location_area_view
02/20 13:50:51   03_populate_change_type_categories
02/20 13:50:51   04_populate_pool_collections
02/20 13:50:51   05_populate_pool_collection_pools
02/20 13:50:51   06_populate_flux_indicators
02/20 13:50:51   07_create_flux_indicator_view
02/20 13:50:51   08_populate_flux_indicator_collections
02/20 13:50:51   09_populate_flux_indicator_collection_flux_indicators
02/20 13:50:51   10_populate_stock_changes
02/20 13:50:51   11_create_flux_indicator_aggregates_view
02/20 13:50:51   12_create_stock_change_indicators_view
02/20 13:50:51   13_populate_pool_indicators
02/20 13:50:51   14_create_pool_indicators_view
02/20 13:50:51   15_create_dist_indicators_view
02/20 13:50:51   16_create_age_indicators_view
02/20 13:50:51   17_create_error_indicators_view
02/20 13:50:51   18_create_total_disturbed_areas_view
02/20 13:50:51   20_create_disturbance_fluxes_view
02/20 13:50:51   19_create_density_views
02/20 13:50:51 Copying reporting tables to output database...
02/20 13:50:51   v_age_indicators
02/20 13:50:51   v_disturbance_fluxes
02/20 13:50:51   v_disturbance_indicators
02/20 13:50:51   v_error_indicators
02/20 13:50:51   v_flux_indicator_aggregates
02/20 13:50:51   v_flux_indicator_aggregates_density
02/20 13:50:51   v_flux_indicators
02/20 13:50:51   v_flux_indicators_density
02/20 13:50:51   v_pool_indicators
02/20 13:50:51   v_stock_change_indicators
02/20 13:50:51   v_stock_change_indicators_density
02/20 13:50:51   v_total_disturbed_areas
