12/28 18:40:54 Found 1 scenarios with 21 total spatial outputs.
12/28 18:47:43 ..\..\processed_output\spatial\Age_2017
12/28 18:47:53 ..\..\processed_output\spatial\Age_2020
12/28 18:48:02 ..\..\processed_output\spatial\Age_2010
12/28 18:48:03 ..\..\processed_output\spatial\Age_2018
12/28 18:48:03 ..\..\processed_output\spatial\Age_2014
12/28 18:48:04 ..\..\processed_output\spatial\Age_2016
12/28 18:48:04 ..\..\processed_output\spatial\Age_2012
12/28 18:48:04 ..\..\processed_output\spatial\Age_2011
12/28 18:48:04 ..\..\processed_output\spatial\Age_2013
12/28 18:48:04 ..\..\processed_output\spatial\Age_2019
12/28 18:48:06 ..\..\processed_output\spatial\Age_2015
12/28 18:48:36 ..\..\processed_output\spatial\AG_Biomass_C_2012
12/28 18:48:36 ..\..\processed_output\spatial\AG_Biomass_C_2020
12/28 18:48:36 ..\..\processed_output\spatial\AG_Biomass_C_2010
12/28 18:48:36 ..\..\processed_output\spatial\AG_Biomass_C_2011
12/28 18:48:37 ..\..\processed_output\spatial\AG_Biomass_C_2019
12/28 18:50:20 ..\..\processed_output\spatial\AG_Biomass_C_2013
12/28 18:52:44 ..\..\processed_output\spatial\AG_Biomass_C_2018
12/28 18:52:45 ..\..\processed_output\spatial\AG_Biomass_C_2017
12/28 18:52:57 ..\..\processed_output\spatial\AG_Biomass_C_2014
12/28 18:53:11 ..\..\processed_output\spatial\AG_Biomass_C_2016
12/28 18:53:15 ..\..\processed_output\spatial\AG_Biomass_C_2015
12/28 18:56:51 ..\..\processed_output\spatial\Bio_To_DOM_From_Disturbances_2011
12/28 18:56:51 ..\..\processed_output\spatial\Bio_To_DOM_From_Disturbances_2012
12/28 18:56:56 ..\..\processed_output\spatial\Bio_To_DOM_From_Disturbances_2020
12/28 18:57:07 ..\..\processed_output\spatial\Bio_To_DOM_From_Disturbances_2019
12/28 18:57:08 ..\..\processed_output\spatial\Bio_To_DOM_From_Disturbances_2010
12/28 18:57:13 ..\..\processed_output\spatial\Bio_To_DOM_From_Disturbances_2016
12/28 18:57:13 ..\..\processed_output\spatial\Bio_To_DOM_From_Disturbances_2017
12/28 18:57:13 ..\..\processed_output\spatial\Bio_To_DOM_From_Disturbances_2014
12/28 18:57:13 ..\..\processed_output\spatial\Bio_To_DOM_From_Disturbances_2015
12/28 18:57:13 ..\..\processed_output\spatial\Bio_To_DOM_From_Disturbances_2013
12/28 18:57:19 ..\..\processed_output\spatial\Bio_To_DOM_From_Disturbances_2018
12/28 18:58:15 ..\..\processed_output\spatial\Dead_Organic_Matter_C_2019
12/28 18:58:15 ..\..\processed_output\spatial\Dead_Organic_Matter_C_2010
12/28 18:58:15 ..\..\processed_output\spatial\Dead_Organic_Matter_C_2012
12/28 18:58:15 ..\..\processed_output\spatial\Dead_Organic_Matter_C_2020
12/28 18:58:15 ..\..\processed_output\spatial\Dead_Organic_Matter_C_2011
12/28 19:02:49 ..\..\processed_output\spatial\Dead_Organic_Matter_C_2017
12/28 19:03:06 ..\..\processed_output\spatial\Dead_Organic_Matter_C_2018
12/28 19:03:08 ..\..\processed_output\spatial\Dead_Organic_Matter_C_2015
12/28 19:03:19 ..\..\processed_output\spatial\Dead_Organic_Matter_C_2016
12/28 19:03:20 ..\..\processed_output\spatial\Dead_Organic_Matter_C_2014
12/28 19:03:31 ..\..\processed_output\spatial\Dead_Organic_Matter_C_2013
12/28 19:05:42 ..\..\processed_output\spatial\Decomp_Releases_2020
12/28 19:05:43 ..\..\processed_output\spatial\Decomp_Releases_2019
12/28 19:05:43 ..\..\processed_output\spatial\Decomp_Releases_2010
12/28 19:05:43 ..\..\processed_output\spatial\Decomp_Releases_2012
12/28 19:05:48 ..\..\processed_output\spatial\Decomp_Releases_2011
12/28 19:05:58 ..\..\processed_output\spatial\Decomp_Releases_2015
12/28 19:05:58 ..\..\processed_output\spatial\Decomp_Releases_2016
12/28 19:05:58 ..\..\processed_output\spatial\Decomp_Releases_2014
12/28 19:05:58 ..\..\processed_output\spatial\Decomp_Releases_2013
12/28 19:05:58 ..\..\processed_output\spatial\Decomp_Releases_2017
12/28 19:06:20 ..\..\processed_output\spatial\Decomp_Releases_2018
12/28 19:07:43 ..\..\processed_output\spatial\Delta_Total_Biomass_2020
12/28 19:07:43 ..\..\processed_output\spatial\Delta_Total_Biomass_2010
12/28 19:07:43 ..\..\processed_output\spatial\Delta_Total_Biomass_2019
12/28 19:07:43 ..\..\processed_output\spatial\Delta_Total_Biomass_2012
12/28 19:07:43 ..\..\processed_output\spatial\Delta_Total_Biomass_2011
12/28 19:12:54 ..\..\processed_output\spatial\Delta_Total_Biomass_2016
12/28 19:12:54 ..\..\processed_output\spatial\Delta_Total_Biomass_2014
12/28 19:12:54 ..\..\processed_output\spatial\Delta_Total_Biomass_2013
12/28 19:12:54 ..\..\processed_output\spatial\Delta_Total_Biomass_2015
12/28 19:12:54 ..\..\processed_output\spatial\Delta_Total_Biomass_2017
12/28 19:14:51 ..\..\processed_output\spatial\Delta_Total_DOM_2010
12/28 19:14:51 ..\..\processed_output\spatial\Delta_Total_DOM_2011
12/28 19:15:59 ..\..\processed_output\spatial\Delta_Total_DOM_2020
12/28 19:15:59 ..\..\processed_output\spatial\Delta_Total_DOM_2019
12/28 19:16:06 ..\..\processed_output\spatial\Delta_Total_DOM_2012
12/28 19:16:29 ..\..\processed_output\spatial\Delta_Total_DOM_2016
12/28 19:16:29 ..\..\processed_output\spatial\Delta_Total_DOM_2014
12/28 19:16:29 ..\..\processed_output\spatial\Delta_Total_DOM_2017
12/28 19:16:29 ..\..\processed_output\spatial\Delta_Total_DOM_2015
12/28 19:16:29 ..\..\processed_output\spatial\Delta_Total_DOM_2013
12/28 19:16:45 ..\..\processed_output\spatial\Delta_Total_DOM_2018
12/28 19:18:19 ..\..\processed_output\spatial\Delta_Total_Ecosystem_2020
12/28 19:18:21 ..\..\processed_output\spatial\Delta_Total_Ecosystem_2019
12/28 19:18:27 ..\..\processed_output\spatial\Delta_Total_Ecosystem_2010
12/28 19:18:27 ..\..\processed_output\spatial\Delta_Total_Ecosystem_2012
12/28 19:18:28 ..\..\processed_output\spatial\Delta_Total_Ecosystem_2011
12/28 19:19:06 ..\..\processed_output\spatial\Delta_Total_Ecosystem_2013
12/28 19:19:06 ..\..\processed_output\spatial\Delta_Total_Ecosystem_2014
12/28 19:20:34 ..\..\processed_output\spatial\Delta_Total_Ecosystem_2017
12/28 19:20:34 ..\..\processed_output\spatial\Delta_Total_Ecosystem_2015
12/28 19:20:34 ..\..\processed_output\spatial\Delta_Total_Ecosystem_2016
12/28 19:20:41 ..\..\processed_output\spatial\Delta_Total_Ecosystem_2018
12/28 19:24:22 ..\..\processed_output\spatial\Ecosystem_Removals_2012
12/28 19:24:22 ..\..\processed_output\spatial\Ecosystem_Removals_2019
12/28 19:24:22 ..\..\processed_output\spatial\Ecosystem_Removals_2011
12/28 19:24:22 ..\..\processed_output\spatial\Ecosystem_Removals_2020
12/28 19:24:22 ..\..\processed_output\spatial\Ecosystem_Removals_2010
12/28 19:25:07 ..\..\processed_output\spatial\Ecosystem_Removals_2017
12/28 19:25:07 ..\..\processed_output\spatial\Ecosystem_Removals_2013
12/28 19:25:07 ..\..\processed_output\spatial\Ecosystem_Removals_2015
12/28 19:25:07 ..\..\processed_output\spatial\Ecosystem_Removals_2014
12/28 19:25:07 ..\..\processed_output\spatial\Ecosystem_Removals_2016
12/28 19:25:21 ..\..\processed_output\spatial\Ecosystem_Removals_2018
12/28 19:25:53 ..\..\processed_output\spatial\NBP_2010
12/28 19:26:54 ..\..\processed_output\spatial\NBP_2012
12/28 19:26:54 ..\..\processed_output\spatial\NBP_2019
12/28 19:26:54 ..\..\processed_output\spatial\NBP_2011
12/28 19:26:54 ..\..\processed_output\spatial\NBP_2020
12/28 19:28:57 ..\..\processed_output\spatial\NBP_2013
12/28 19:28:57 ..\..\processed_output\spatial\NBP_2016
12/28 19:28:57 ..\..\processed_output\spatial\NBP_2015
12/28 19:28:57 ..\..\processed_output\spatial\NBP_2014
12/28 19:28:57 ..\..\processed_output\spatial\NBP_2017
12/28 19:29:12 ..\..\processed_output\spatial\NBP_2018
12/28 19:32:48 ..\..\processed_output\spatial\NEP_2020
12/28 19:32:48 ..\..\processed_output\spatial\NEP_2019
12/28 19:32:55 ..\..\processed_output\spatial\NEP_2012
12/28 19:32:55 ..\..\processed_output\spatial\NEP_2010
12/28 19:32:55 ..\..\processed_output\spatial\NEP_2011
12/28 19:32:59 ..\..\processed_output\spatial\NEP_2013
12/28 19:33:19 ..\..\processed_output\spatial\NEP_2014
12/28 19:33:19 ..\..\processed_output\spatial\NEP_2015
12/28 19:33:19 ..\..\processed_output\spatial\NEP_2017
12/28 19:33:19 ..\..\processed_output\spatial\NEP_2016
12/28 19:33:29 ..\..\processed_output\spatial\NEP_2018
12/28 19:34:37 ..\..\processed_output\spatial\NPP_2020
12/28 19:34:37 ..\..\processed_output\spatial\NPP_2019
12/28 19:34:37 ..\..\processed_output\spatial\NPP_2011
12/28 19:34:37 ..\..\processed_output\spatial\NPP_2012
12/28 19:34:37 ..\..\processed_output\spatial\NPP_2010
12/28 19:39:39 ..\..\processed_output\spatial\NPP_2017
12/28 19:39:39 ..\..\processed_output\spatial\NPP_2013
12/28 19:39:39 ..\..\processed_output\spatial\NPP_2016
12/28 19:39:39 ..\..\processed_output\spatial\NPP_2015
12/28 19:39:39 ..\..\processed_output\spatial\NPP_2014
12/28 19:45:12 ..\..\processed_output\spatial\Soil_C_2020
12/28 19:45:12 ..\..\processed_output\spatial\Soil_C_2010
12/28 19:45:12 ..\..\processed_output\spatial\Soil_C_2011
12/28 19:45:12 ..\..\processed_output\spatial\Soil_C_2019
12/28 19:45:28 ..\..\processed_output\spatial\Soil_C_2012
12/28 19:45:38 ..\..\processed_output\spatial\Soil_C_2017
12/28 19:45:38 ..\..\processed_output\spatial\Soil_C_2015
12/28 19:45:38 ..\..\processed_output\spatial\Soil_C_2013
12/28 19:45:38 ..\..\processed_output\spatial\Soil_C_2014
12/28 19:45:38 ..\..\processed_output\spatial\Soil_C_2016
12/28 19:45:49 ..\..\processed_output\spatial\Soil_C_2018
12/28 19:46:55 ..\..\processed_output\spatial\Total_Biomass_C_2012
12/28 19:46:55 ..\..\processed_output\spatial\Total_Biomass_C_2019
12/28 19:46:55 ..\..\processed_output\spatial\Total_Biomass_C_2011
12/28 19:46:55 ..\..\processed_output\spatial\Total_Biomass_C_2010
12/28 19:46:55 ..\..\processed_output\spatial\Total_Biomass_C_2020
12/28 19:50:56 ..\..\processed_output\spatial\Total_Biomass_C_2014
12/28 19:50:56 ..\..\processed_output\spatial\Total_Biomass_C_2013
12/28 19:50:56 ..\..\processed_output\spatial\Total_Biomass_C_2016
12/28 19:50:56 ..\..\processed_output\spatial\Total_Biomass_C_2015
12/28 19:51:04 ..\..\processed_output\spatial\Total_Biomass_C_2017
12/28 19:51:09 ..\..\processed_output\spatial\Total_Biomass_C_2018
12/28 19:53:43 ..\..\processed_output\spatial\Total_Biomass_Emissions_2019
12/28 19:53:43 ..\..\processed_output\spatial\Total_Biomass_Emissions_2010
12/28 19:53:43 ..\..\processed_output\spatial\Total_Biomass_Emissions_2011
12/28 19:53:43 ..\..\processed_output\spatial\Total_Biomass_Emissions_2012
12/28 19:53:43 ..\..\processed_output\spatial\Total_Biomass_Emissions_2020
12/28 19:54:00 ..\..\processed_output\spatial\Total_Biomass_Emissions_2014
12/28 19:54:00 ..\..\processed_output\spatial\Total_Biomass_Emissions_2016
12/28 19:54:00 ..\..\processed_output\spatial\Total_Biomass_Emissions_2017
12/28 19:54:00 ..\..\processed_output\spatial\Total_Biomass_Emissions_2015
12/28 19:54:00 ..\..\processed_output\spatial\Total_Biomass_Emissions_2013
12/28 19:54:16 ..\..\processed_output\spatial\Total_Biomass_Emissions_2018
12/28 19:56:53 ..\..\processed_output\spatial\Total_CH4_Emissions_2020
12/28 19:56:53 ..\..\processed_output\spatial\Total_CH4_Emissions_2012
12/28 19:56:53 ..\..\processed_output\spatial\Total_CH4_Emissions_2011
12/28 19:56:53 ..\..\processed_output\spatial\Total_CH4_Emissions_2010
12/28 19:56:53 ..\..\processed_output\spatial\Total_CH4_Emissions_2019
12/28 19:59:20 ..\..\processed_output\spatial\Total_CH4_Emissions_2015
12/28 19:59:20 ..\..\processed_output\spatial\Total_CH4_Emissions_2016
12/28 19:59:20 ..\..\processed_output\spatial\Total_CH4_Emissions_2017
12/28 19:59:20 ..\..\processed_output\spatial\Total_CH4_Emissions_2013
12/28 19:59:20 ..\..\processed_output\spatial\Total_CH4_Emissions_2014
12/28 19:59:31 ..\..\processed_output\spatial\Total_CH4_Emissions_2018
12/28 20:01:11 ..\..\processed_output\spatial\Total_CO2_Emissions_2010
12/28 20:01:11 ..\..\processed_output\spatial\Total_CO2_Emissions_2019
12/28 20:01:11 ..\..\processed_output\spatial\Total_CO2_Emissions_2020
12/28 20:01:11 ..\..\processed_output\spatial\Total_CO2_Emissions_2011
12/28 20:01:11 ..\..\processed_output\spatial\Total_CO2_Emissions_2012
12/28 20:02:23 ..\..\processed_output\spatial\Total_CO2_Emissions_2016
12/28 20:02:23 ..\..\processed_output\spatial\Total_CO2_Emissions_2013
12/28 20:02:23 ..\..\processed_output\spatial\Total_CO2_Emissions_2017
12/28 20:02:23 ..\..\processed_output\spatial\Total_CO2_Emissions_2015
12/28 20:02:23 ..\..\processed_output\spatial\Total_CO2_Emissions_2014
12/28 20:02:42 ..\..\processed_output\spatial\Total_CO2_Emissions_2018
12/28 20:06:15 ..\..\processed_output\spatial\Total_CO_Emissions_2019
12/28 20:06:15 ..\..\processed_output\spatial\Total_CO_Emissions_2020
12/28 20:06:15 ..\..\processed_output\spatial\Total_CO_Emissions_2010
12/28 20:06:15 ..\..\processed_output\spatial\Total_CO_Emissions_2012
12/28 20:06:15 ..\..\processed_output\spatial\Total_CO_Emissions_2011
12/28 20:06:59 ..\..\processed_output\spatial\Total_CO_Emissions_2013
12/28 20:06:59 ..\..\processed_output\spatial\Total_CO_Emissions_2014
12/28 20:06:59 ..\..\processed_output\spatial\Total_CO_Emissions_2016
12/28 20:06:59 ..\..\processed_output\spatial\Total_CO_Emissions_2015
12/28 20:06:59 ..\..\processed_output\spatial\Total_CO_Emissions_2017
12/28 20:07:08 ..\..\processed_output\spatial\Total_CO_Emissions_2018
12/28 20:08:58 ..\..\processed_output\spatial\Total_DOM_Emissions_2010
12/28 20:08:58 ..\..\processed_output\spatial\Total_DOM_Emissions_2011
12/28 20:08:58 ..\..\processed_output\spatial\Total_DOM_Emissions_2020
12/28 20:09:01 ..\..\processed_output\spatial\Total_DOM_Emissions_2019
12/28 20:09:05 ..\..\processed_output\spatial\Total_DOM_Emissions_2012
12/28 20:11:18 ..\..\processed_output\spatial\Total_DOM_Emissions_2015
12/28 20:11:18 ..\..\processed_output\spatial\Total_DOM_Emissions_2014
12/28 20:11:18 ..\..\processed_output\spatial\Total_DOM_Emissions_2016
12/28 20:11:18 ..\..\processed_output\spatial\Total_DOM_Emissions_2017
12/28 20:11:18 ..\..\processed_output\spatial\Total_DOM_Emissions_2013
12/28 20:11:29 ..\..\processed_output\spatial\Total_DOM_Emissions_2018
12/28 20:14:21 ..\..\processed_output\spatial\Total_Ecosystem_C_2020
12/28 20:14:21 ..\..\processed_output\spatial\Total_Ecosystem_C_2011
12/28 20:14:21 ..\..\processed_output\spatial\Total_Ecosystem_C_2010
12/28 20:14:21 ..\..\processed_output\spatial\Total_Ecosystem_C_2012
12/28 20:14:21 ..\..\processed_output\spatial\Total_Ecosystem_C_2019
12/28 20:15:10 ..\..\processed_output\spatial\Total_Ecosystem_C_2015
12/28 20:15:10 ..\..\processed_output\spatial\Total_Ecosystem_C_2016
12/28 20:15:10 ..\..\processed_output\spatial\Total_Ecosystem_C_2017
12/28 20:15:10 ..\..\processed_output\spatial\Total_Ecosystem_C_2013
12/28 20:15:10 ..\..\processed_output\spatial\Total_Ecosystem_C_2014
12/28 20:15:22 ..\..\processed_output\spatial\Total_Ecosystem_C_2018
12/28 20:18:04 ..\..\processed_output\spatial\Total_Emissions_2011
12/28 20:18:04 ..\..\processed_output\spatial\Total_Emissions_2010
12/28 20:18:04 ..\..\processed_output\spatial\Total_Emissions_2020
12/28 20:18:04 ..\..\processed_output\spatial\Total_Emissions_2019
12/28 20:18:04 ..\..\processed_output\spatial\Total_Emissions_2012
12/28 20:18:44 ..\..\processed_output\spatial\Total_Emissions_2013
12/28 20:18:44 ..\..\processed_output\spatial\Total_Emissions_2016
12/28 20:18:44 ..\..\processed_output\spatial\Total_Emissions_2017
12/28 20:18:44 ..\..\processed_output\spatial\Total_Emissions_2014
12/28 20:18:44 ..\..\processed_output\spatial\Total_Emissions_2015
12/28 20:18:45 ..\..\processed_output\spatial\Total_Emissions_2018
12/28 20:18:45 Done
